1620628754070	geckodriver	INFO	Listening on 127.0.0.1:49241
1620628754080	mozrunner::runner	INFO	Running command: "/usr/bin/firefox" "--marionette" "-foreground" "-no-remote" "-profile" "/tmp/rust_mozprofileRgF7hH"
1620628754756	Marionette	INFO	Marionette enabled
console.warn: SearchSettings: "get: No settings file exists, new profile?" (new Error("", "(unknown module)"))
1620628756660	Marionette	INFO	Listening on port 41663
1620628756715	Marionette	WARN	TLS certificate errors will be ignored for this session
console.error: Region.jsm: "Error fetching region" (new Error("TIMEOUT", "resource://gre/modules/Region.jsm", 772))
console.error: Region.jsm: "Failed to fetch region" (new Error("TIMEOUT", "resource://gre/modules/Region.jsm", 419))
JavaScript warning: https://frontend.tikicdn.com/_desktop-next/_next/static/chunks/comp.InitialSDK.eb3092b067a756c137d1.js, line 1: WebGL context was lost.
JavaScript warning: https://frontend.tikicdn.com/_desktop-next/_next/static/chunks/comp.InitialSDK.eb3092b067a756c137d1.js, line 1: WebGL context was lost.
JavaScript warning: https://frontend.tikicdn.com/_desktop-next/_next/static/chunks/comp.InitialSDK.eb3092b067a756c137d1.js, line 1: WebGL context was lost.
JavaScript warning: https://frontend.tikicdn.com/_desktop-next/_next/static/chunks/comp.InitialSDK.eb3092b067a756c137d1.js, line 1: WebGL context was lost.
JavaScript error: resource://gre/modules/AsyncShutdown.jsm, line 718: Error: Phase "Sqlite.jsm: wait until all connections are closed" is finished, it is too late to register completion condition "protections.sqlite#0: waiting for shutdown"
1620628786812	Marionette	INFO	Stopped listening on port 41663
1620628788681	geckodriver	INFO	Listening on 127.0.0.1:33875
1620628788686	mozrunner::runner	INFO	Running command: "/usr/bin/firefox" "--marionette" "-foreground" "-no-remote" "-profile" "/tmp/rust_mozprofileQcCThP"
1620628789256	Marionette	INFO	Marionette enabled
console.warn: SearchSettings: "get: No settings file exists, new profile?" (new Error("", "(unknown module)"))
1620628791104	Marionette	INFO	Listening on port 42097
1620628791219	Marionette	WARN	TLS certificate errors will be ignored for this session
JavaScript warning: https://frontend.tikicdn.com/_desktop-next/_next/static/chunks/comp.InitialSDK.eb3092b067a756c137d1.js, line 1: WebGL context was lost.
JavaScript warning: https://frontend.tikicdn.com/_desktop-next/_next/static/chunks/comp.InitialSDK.eb3092b067a756c137d1.js, line 1: WebGL context was lost.
JavaScript warning: https://frontend.tikicdn.com/_desktop-next/_next/static/chunks/comp.InitialSDK.eb3092b067a756c137d1.js, line 1: WebGL context was lost.
JavaScript warning: https://frontend.tikicdn.com/_desktop-next/_next/static/chunks/comp.InitialSDK.eb3092b067a756c137d1.js, line 1: WebGL context was lost.
1620628926806	geckodriver	INFO	Listening on 127.0.0.1:60017
1620628926812	mozrunner::runner	INFO	Running command: "/usr/bin/firefox" "--marionette" "-foreground" "-no-remote" "-profile" "/tmp/rust_mozprofileBDpiqy"
1620628927350	Marionette	INFO	Marionette enabled
console.warn: SearchSettings: "get: No settings file exists, new profile?" (new Error("", "(unknown module)"))
1620628929039	Marionette	INFO	Listening on port 33163
1620628929140	Marionette	WARN	TLS certificate errors will be ignored for this session
1620628931297	Marionette	INFO	Stopped listening on port 42097

###!!! [Parent][RunMessage] Error: Channel closing: too late to send/recv, messages will be lost

JavaScript warning: https://frontend.tikicdn.com/_desktop-next/_next/static/chunks/comp.InitialSDK.eb3092b067a756c137d1.js, line 1: WebGL context was lost.
JavaScript warning: https://frontend.tikicdn.com/_desktop-next/_next/static/chunks/comp.InitialSDK.eb3092b067a756c137d1.js, line 1: WebGL context was lost.
JavaScript warning: https://frontend.tikicdn.com/_desktop-next/_next/static/chunks/comp.InitialSDK.eb3092b067a756c137d1.js, line 1: WebGL context was lost.
JavaScript warning: https://frontend.tikicdn.com/_desktop-next/_next/static/chunks/comp.InitialSDK.eb3092b067a756c137d1.js, line 1: WebGL context was lost.
JavaScript error: resource://gre/modules/Sqlite.jsm, line 1030: Error: Sqlite.jsm has been shutdown. Cannot open connection to: /tmp/rust_mozprofileBDpiqy/protections.sqlite
1620629021745	Marionette	INFO	Stopped listening on port 33163
1620629024670	geckodriver	INFO	Listening on 127.0.0.1:37211
1620629024676	mozrunner::runner	INFO	Running command: "/usr/bin/firefox" "--marionette" "-foreground" "-no-remote" "-profile" "/tmp/rust_mozprofileF3LHpd"
1620629025220	Marionette	INFO	Marionette enabled
console.warn: SearchSettings: "get: No settings file exists, new profile?" (new Error("", "(unknown module)"))
1620629027085	Marionette	INFO	Listening on port 36573
1620629027200	Marionette	WARN	TLS certificate errors will be ignored for this session
JavaScript warning: https://frontend.tikicdn.com/_desktop-next/_next/static/chunks/comp.InitialSDK.eb3092b067a756c137d1.js, line 1: WebGL context was lost.
JavaScript warning: https://frontend.tikicdn.com/_desktop-next/_next/static/chunks/comp.InitialSDK.eb3092b067a756c137d1.js, line 1: WebGL context was lost.
JavaScript warning: https://frontend.tikicdn.com/_desktop-next/_next/static/chunks/comp.InitialSDK.eb3092b067a756c137d1.js, line 1: WebGL context was lost.
JavaScript warning: https://frontend.tikicdn.com/_desktop-next/_next/static/chunks/comp.InitialSDK.eb3092b067a756c137d1.js, line 1: WebGL context was lost.
1620629091346	geckodriver	INFO	Listening on 127.0.0.1:45729
1620629091352	mozrunner::runner	INFO	Running command: "/usr/bin/firefox" "--marionette" "-foreground" "-no-remote" "-profile" "/tmp/rust_mozprofilee1VTp3"
1620629091976	Marionette	INFO	Marionette enabled
console.warn: SearchSettings: "get: No settings file exists, new profile?" (new Error("", "(unknown module)"))
1620629094046	Marionette	INFO	Listening on port 33979
1620629094085	Marionette	WARN	TLS certificate errors will be ignored for this session
JavaScript warning: https://frontend.tikicdn.com/_desktop-next/_next/static/chunks/comp.InitialSDK.eb3092b067a756c137d1.js, line 1: WebGL context was lost.
JavaScript warning: https://frontend.tikicdn.com/_desktop-next/_next/static/chunks/comp.InitialSDK.eb3092b067a756c137d1.js, line 1: WebGL context was lost.
JavaScript warning: https://frontend.tikicdn.com/_desktop-next/_next/static/chunks/comp.InitialSDK.eb3092b067a756c137d1.js, line 1: WebGL context was lost.
JavaScript warning: https://frontend.tikicdn.com/_desktop-next/_next/static/chunks/comp.InitialSDK.eb3092b067a756c137d1.js, line 1: WebGL context was lost.
1620629109338	Marionette	INFO	Stopped listening on port 33979
1620629142829	geckodriver	INFO	Listening on 127.0.0.1:50855
1620629142836	mozrunner::runner	INFO	Running command: "/usr/bin/firefox" "--marionette" "-foreground" "-no-remote" "-profile" "/tmp/rust_mozprofileqyEL2W"
1620629143407	Marionette	INFO	Marionette enabled
console.warn: SearchSettings: "get: No settings file exists, new profile?" (new Error("", "(unknown module)"))
1620629145226	Marionette	INFO	Listening on port 34347
1620629145260	Marionette	WARN	TLS certificate errors will be ignored for this session
JavaScript warning: https://frontend.tikicdn.com/_desktop-next/_next/static/chunks/comp.InitialSDK.eb3092b067a756c137d1.js, line 1: WebGL context was lost.
JavaScript warning: https://frontend.tikicdn.com/_desktop-next/_next/static/chunks/comp.InitialSDK.eb3092b067a756c137d1.js, line 1: WebGL context was lost.
JavaScript warning: https://frontend.tikicdn.com/_desktop-next/_next/static/chunks/comp.InitialSDK.eb3092b067a756c137d1.js, line 1: WebGL context was lost.
JavaScript warning: https://frontend.tikicdn.com/_desktop-next/_next/static/chunks/comp.InitialSDK.eb3092b067a756c137d1.js, line 1: WebGL context was lost.
1620629184257	Marionette	INFO	Stopped listening on port 34347
1620629185942	geckodriver	INFO	Listening on 127.0.0.1:54409
1620629185948	mozrunner::runner	INFO	Running command: "/usr/bin/firefox" "--marionette" "-foreground" "-no-remote" "-profile" "/tmp/rust_mozprofileWFSEff"
1620629186490	Marionette	INFO	Marionette enabled
console.warn: SearchSettings: "get: No settings file exists, new profile?" (new Error("", "(unknown module)"))
1620629188428	Marionette	INFO	Listening on port 40805
1620629188478	Marionette	WARN	TLS certificate errors will be ignored for this session
JavaScript warning: https://frontend.tikicdn.com/_desktop-next/_next/static/chunks/comp.InitialSDK.eb3092b067a756c137d1.js, line 1: WebGL context was lost.
JavaScript warning: https://frontend.tikicdn.com/_desktop-next/_next/static/chunks/comp.InitialSDK.eb3092b067a756c137d1.js, line 1: WebGL context was lost.
JavaScript warning: https://frontend.tikicdn.com/_desktop-next/_next/static/chunks/comp.InitialSDK.eb3092b067a756c137d1.js, line 1: WebGL context was lost.
JavaScript warning: https://frontend.tikicdn.com/_desktop-next/_next/static/chunks/comp.InitialSDK.eb3092b067a756c137d1.js, line 1: WebGL context was lost.
1620629307272	Marionette	INFO	Stopped listening on port 40805
1620629310054	Marionette	INFO	Stopped listening on port 36573
1620629327230	geckodriver	INFO	Listening on 127.0.0.1:51875
1620629327235	mozrunner::runner	INFO	Running command: "/usr/bin/firefox" "--marionette" "-foreground" "-no-remote" "-profile" "/tmp/rust_mozprofileCTUNk7"
1620629327752	Marionette	INFO	Marionette enabled
console.warn: SearchSettings: "get: No settings file exists, new profile?" (new Error("", "(unknown module)"))
1620629329404	Marionette	INFO	Listening on port 44419
1620629329474	Marionette	WARN	TLS certificate errors will be ignored for this session
1620629335036	Marionette	INFO	Stopped listening on port 44419
JavaScript error: resource://gre/modules/UrlClassifierListManager.jsm, line 691: TypeError: this.tablesData[table] is undefined
JavaScript error: resource://gre/modules/Sqlite.jsm, line 1030: Error: Sqlite.jsm has been shutdown. Cannot open connection to: /tmp/rust_mozprofileCTUNk7/protections.sqlite
1620629355367	geckodriver	INFO	Listening on 127.0.0.1:54181
1620629355372	mozrunner::runner	INFO	Running command: "/usr/bin/firefox" "--marionette" "-foreground" "-no-remote" "-profile" "/tmp/rust_mozprofilezPOHBU"
1620629355905	Marionette	INFO	Marionette enabled
console.warn: SearchSettings: "get: No settings file exists, new profile?" (new Error("", "(unknown module)"))
1620629357709	Marionette	INFO	Listening on port 33707
1620629357793	Marionette	WARN	TLS certificate errors will be ignored for this session
1620629363909	Marionette	INFO	Stopped listening on port 33707
JavaScript error: resource://gre/modules/AsyncShutdown.jsm, line 718: Error: Phase "Sqlite.jsm: wait until all connections are closed" is finished, it is too late to register completion condition "protections.sqlite#0: waiting for shutdown"
1620629451476	geckodriver	INFO	Listening on 127.0.0.1:47573
1620629451481	mozrunner::runner	INFO	Running command: "/usr/bin/firefox" "--marionette" "-foreground" "-no-remote" "-profile" "/tmp/rust_mozprofileB280WP"
1620629452030	Marionette	INFO	Marionette enabled
console.warn: SearchSettings: "get: No settings file exists, new profile?" (new Error("", "(unknown module)"))
1620629453809	Marionette	INFO	Listening on port 35983
1620629453909	Marionette	WARN	TLS certificate errors will be ignored for this session
1620629459505	Marionette	INFO	Stopped listening on port 35983
JavaScript error: resource://gre/modules/Sqlite.jsm, line 1030: Error: Sqlite.jsm has been shutdown. Cannot open connection to: /tmp/rust_mozprofileB280WP/protections.sqlite
1620629477645	geckodriver	INFO	Listening on 127.0.0.1:59879
1620629477653	mozrunner::runner	INFO	Running command: "/usr/bin/firefox" "--marionette" "-foreground" "-no-remote" "-profile" "/tmp/rust_mozprofileCpnoyI"
1620629478332	Marionette	INFO	Marionette enabled
console.warn: SearchSettings: "get: No settings file exists, new profile?" (new Error("", "(unknown module)"))
1620629480032	Marionette	INFO	Listening on port 38267
1620629480075	Marionette	WARN	TLS certificate errors will be ignored for this session
1620629485057	Marionette	INFO	Stopped listening on port 38267
JavaScript error: resource://gre/modules/Sqlite.jsm, line 1030: Error: Sqlite.jsm has been shutdown. Cannot open connection to: /tmp/rust_mozprofileCpnoyI/protections.sqlite
1620630160843	geckodriver	INFO	Listening on 127.0.0.1:37085
1620630160848	mozrunner::runner	INFO	Running command: "/usr/bin/firefox" "--marionette" "-foreground" "-no-remote" "-profile" "/tmp/rust_mozprofileOCs3Vg"
1620630161370	Marionette	INFO	Marionette enabled
console.warn: SearchSettings: "get: No settings file exists, new profile?" (new Error("", "(unknown module)"))
1620630163206	Marionette	INFO	Listening on port 39713
1620630163271	Marionette	WARN	TLS certificate errors will be ignored for this session
1620630169165	Marionette	INFO	Stopped listening on port 39713
1620630184672	geckodriver	INFO	Listening on 127.0.0.1:54169
1620630184677	mozrunner::runner	INFO	Running command: "/usr/bin/firefox" "--marionette" "-foreground" "-no-remote" "-profile" "/tmp/rust_mozprofileIt8IMM"
1620630185218	Marionette	INFO	Marionette enabled
console.warn: SearchSettings: "get: No settings file exists, new profile?" (new Error("", "(unknown module)"))
1620630186993	Marionette	INFO	Listening on port 34667
1620630187106	Marionette	WARN	TLS certificate errors will be ignored for this session
1620630193219	Marionette	INFO	Stopped listening on port 34667
JavaScript error: resource://gre/modules/Sqlite.jsm, line 1030: Error: Sqlite.jsm has been shutdown. Cannot open connection to: /tmp/rust_mozprofileIt8IMM/protections.sqlite
1620630206668	geckodriver	INFO	Listening on 127.0.0.1:57559
1620630206673	mozrunner::runner	INFO	Running command: "/usr/bin/firefox" "--marionette" "-foreground" "-no-remote" "-profile" "/tmp/rust_mozprofilecwsj7S"
1620630207206	Marionette	INFO	Marionette enabled
console.warn: SearchSettings: "get: No settings file exists, new profile?" (new Error("", "(unknown module)"))
1620630208963	Marionette	INFO	Listening on port 40089
1620630209001	Marionette	WARN	TLS certificate errors will be ignored for this session
1620630216147	Marionette	INFO	Stopped listening on port 40089

###!!! [Child][RunMessage] Error: Channel closing: too late to send/recv, messages will be lost


###!!! [Child][RunMessage] Error: Channel closing: too late to send/recv, messages will be lost

JavaScript error: resource://gre/modules/Sqlite.jsm, line 1030: Error: Sqlite.jsm has been shutdown. Cannot open connection to: /tmp/rust_mozprofilecwsj7S/protections.sqlite
1620630226639	geckodriver	INFO	Listening on 127.0.0.1:45189
1620630226644	mozrunner::runner	INFO	Running command: "/usr/bin/firefox" "--marionette" "-foreground" "-no-remote" "-profile" "/tmp/rust_mozprofilepLP5RI"
1620630227166	Marionette	INFO	Marionette enabled
console.warn: SearchSettings: "get: No settings file exists, new profile?" (new Error("", "(unknown module)"))
1620630229024	Marionette	INFO	Listening on port 38021
1620630229069	Marionette	WARN	TLS certificate errors will be ignored for this session
1620630238749	Marionette	INFO	Stopped listening on port 38021
JavaScript error: resource://gre/modules/AsyncShutdown.jsm, line 718: Error: Phase "Sqlite.jsm: wait until all connections are closed" is finished, it is too late to register completion condition "protections.sqlite#0: waiting for shutdown"

###!!! [Parent][RunMessage] Error: Channel closing: too late to send/recv, messages will be lost

1620630258826	geckodriver	INFO	Listening on 127.0.0.1:59473
1620630258831	mozrunner::runner	INFO	Running command: "/usr/bin/firefox" "--marionette" "-foreground" "-no-remote" "-profile" "/tmp/rust_mozprofilelogiQ0"
1620630259343	Marionette	INFO	Marionette enabled
console.warn: SearchSettings: "get: No settings file exists, new profile?" (new Error("", "(unknown module)"))
1620630261225	Marionette	INFO	Listening on port 44199
1620630261267	Marionette	WARN	TLS certificate errors will be ignored for this session
1620630276313	Marionette	INFO	Stopped listening on port 44199
JavaScript error: resource://gre/modules/Sqlite.jsm, line 1030: Error: Sqlite.jsm has been shutdown. Cannot open connection to: /tmp/rust_mozprofilelogiQ0/protections.sqlite

###!!! [Parent][RunMessage] Error: Channel closing: too late to send/recv, messages will be lost

1620630303920	geckodriver	INFO	Listening on 127.0.0.1:52247
1620630303925	mozrunner::runner	INFO	Running command: "/usr/bin/firefox" "--marionette" "-foreground" "-no-remote" "-profile" "/tmp/rust_mozprofileN51FL5"
1620630304443	Marionette	INFO	Marionette enabled
console.warn: SearchSettings: "get: No settings file exists, new profile?" (new Error("", "(unknown module)"))
1620630306100	Marionette	INFO	Listening on port 44105
1620630306147	Marionette	WARN	TLS certificate errors will be ignored for this session
1620630333099	Marionette	INFO	Stopped listening on port 44105

###!!! [Child][MessageChannel] Error: (msgtype=0x230032,name=PBrowser::Msg___delete__) Channel closing: too late to send/recv, messages will be lost

1620630485757	geckodriver	INFO	Listening on 127.0.0.1:39113
1620630485762	mozrunner::runner	INFO	Running command: "/usr/bin/firefox" "--marionette" "-foreground" "-no-remote" "-profile" "/tmp/rust_mozprofile2xGDC2"
1620630486287	Marionette	INFO	Marionette enabled
console.warn: SearchSettings: "get: No settings file exists, new profile?" (new Error("", "(unknown module)"))
1620630488083	Marionette	INFO	Listening on port 37925
1620630488184	Marionette	WARN	TLS certificate errors will be ignored for this session
1620630515915	Marionette	INFO	Stopped listening on port 37925
1620630813330	geckodriver	INFO	Listening on 127.0.0.1:46449
1620630813336	mozrunner::runner	INFO	Running command: "/usr/bin/firefox" "--marionette" "-foreground" "-no-remote" "-profile" "/tmp/rust_mozprofileWfj15S"
1620630813850	Marionette	INFO	Marionette enabled
console.warn: SearchSettings: "get: No settings file exists, new profile?" (new Error("", "(unknown module)"))
1620630815498	Marionette	INFO	Listening on port 41197
1620630815567	Marionette	WARN	TLS certificate errors will be ignored for this session
JavaScript warning: https://frontend.tikicdn.com/_desktop-next/_next/static/chunks/comp.InitialSDK.eb3092b067a756c137d1.js, line 1: WebGL context was lost.
JavaScript warning: https://frontend.tikicdn.com/_desktop-next/_next/static/chunks/comp.InitialSDK.eb3092b067a756c137d1.js, line 1: WebGL context was lost.
JavaScript warning: https://frontend.tikicdn.com/_desktop-next/_next/static/chunks/comp.InitialSDK.eb3092b067a756c137d1.js, line 1: WebGL context was lost.
JavaScript warning: https://frontend.tikicdn.com/_desktop-next/_next/static/chunks/comp.InitialSDK.eb3092b067a756c137d1.js, line 1: WebGL context was lost.
JavaScript warning: https://frontend.tikicdn.com/_desktop-next/_next/static/chunks/comp.InitialSDK.eb3092b067a756c137d1.js, line 1: WebGL context was lost.
JavaScript warning: https://frontend.tikicdn.com/_desktop-next/_next/static/chunks/comp.InitialSDK.eb3092b067a756c137d1.js, line 1: WebGL context was lost.
JavaScript warning: https://frontend.tikicdn.com/_desktop-next/_next/static/chunks/comp.InitialSDK.eb3092b067a756c137d1.js, line 1: WebGL context was lost.
JavaScript warning: https://frontend.tikicdn.com/_desktop-next/_next/static/chunks/comp.InitialSDK.eb3092b067a756c137d1.js, line 1: WebGL context was lost.
Exiting due to channel error.
Exiting due to channel error.
Exiting due to channel error.
1620631445772	geckodriver	INFO	Listening on 127.0.0.1:54111
1620631445778	mozrunner::runner	INFO	Running command: "/usr/bin/firefox" "--marionette" "-foreground" "-no-remote" "-profile" "/tmp/rust_mozprofileEQzplK"
1620631446571	Marionette	INFO	Marionette enabled
console.warn: SearchSettings: "get: No settings file exists, new profile?" (new Error("", "(unknown module)"))
1620631448350	Marionette	INFO	Listening on port 45063
1620631448408	Marionette	WARN	TLS certificate errors will be ignored for this session
Exiting due to channel error.
[GFX1-]: Receive IPC close with reason=AbnormalShutdown
Exiting due to channel error.
Exiting due to channel error.
1620631529904	geckodriver	INFO	Listening on 127.0.0.1:47003
1620631529916	mozrunner::runner	INFO	Running command: "/usr/bin/firefox" "--marionette" "-foreground" "-no-remote" "-profile" "/tmp/rust_mozprofileDFzBXX"
1620631530437	Marionette	INFO	Marionette enabled
console.warn: SearchSettings: "get: No settings file exists, new profile?" (new Error("", "(unknown module)"))
1620631532082	Marionette	INFO	Listening on port 37329
1620631532144	Marionette	WARN	TLS certificate errors will be ignored for this session
Exiting due to channel error.
Exiting due to channel error.
Exiting due to channel error.
1620631662086	geckodriver	INFO	Listening on 127.0.0.1:52211
1620631662092	mozrunner::runner	INFO	Running command: "/usr/bin/firefox" "--marionette" "-foreground" "-no-remote" "-profile" "/tmp/rust_mozprofileA4UX4c"
1620631662627	Marionette	INFO	Marionette enabled
console.warn: SearchSettings: "get: No settings file exists, new profile?" (new Error("", "(unknown module)"))
1620631664687	Marionette	INFO	Listening on port 38701
1620631664721	Marionette	WARN	TLS certificate errors will be ignored for this session
Exiting due to channel error.
Exiting due to channel error.
Exiting due to channel error.
1620631701242	geckodriver	INFO	Listening on 127.0.0.1:52101
1620631701248	mozrunner::runner	INFO	Running command: "/usr/bin/firefox" "--marionette" "-foreground" "-no-remote" "-profile" "/tmp/rust_mozprofilepndkel"
1620631701777	Marionette	INFO	Marionette enabled
console.warn: SearchSettings: "get: No settings file exists, new profile?" (new Error("", "(unknown module)"))
1620631703913	Marionette	INFO	Listening on port 40719
1620631703997	Marionette	WARN	TLS certificate errors will be ignored for this session
JavaScript warning: https://frontend.tikicdn.com/_desktop-next/_next/static/chunks/comp.InitialSDK.eb3092b067a756c137d1.js, line 1: WebGL context was lost.
JavaScript warning: https://frontend.tikicdn.com/_desktop-next/_next/static/chunks/comp.InitialSDK.eb3092b067a756c137d1.js, line 1: WebGL context was lost.
JavaScript warning: https://frontend.tikicdn.com/_desktop-next/_next/static/chunks/comp.InitialSDK.eb3092b067a756c137d1.js, line 1: WebGL context was lost.
JavaScript warning: https://frontend.tikicdn.com/_desktop-next/_next/static/chunks/comp.InitialSDK.eb3092b067a756c137d1.js, line 1: WebGL context was lost.
JavaScript warning: https://frontend.tikicdn.com/_desktop-next/_next/static/chunks/comp.InitialSDK.eb3092b067a756c137d1.js, line 1: WebGL context was lost.
JavaScript warning: https://frontend.tikicdn.com/_desktop-next/_next/static/chunks/comp.InitialSDK.eb3092b067a756c137d1.js, line 1: WebGL context was lost.
JavaScript warning: https://frontend.tikicdn.com/_desktop-next/_next/static/chunks/comp.InitialSDK.eb3092b067a756c137d1.js, line 1: WebGL context was lost.
JavaScript warning: https://frontend.tikicdn.com/_desktop-next/_next/static/chunks/comp.InitialSDK.eb3092b067a756c137d1.js, line 1: WebGL context was lost.
JavaScript error: https://www.googletagmanager.com/gtm.js?id=GTM-KR9FQH, line 3468: uncaught exception: [object Object]
JavaScript error: https://www.googletagmanager.com/gtm.js?id=GTM-KR9FQH, line 3468: uncaught exception: [object Object]
JavaScript warning: https://frontend.tikicdn.com/_desktop-next/_next/static/chunks/comp.InitialSDK.eb3092b067a756c137d1.js, line 1: WebGL context was lost.
JavaScript warning: https://frontend.tikicdn.com/_desktop-next/_next/static/chunks/comp.InitialSDK.eb3092b067a756c137d1.js, line 1: WebGL context was lost.
JavaScript warning: https://frontend.tikicdn.com/_desktop-next/_next/static/chunks/comp.InitialSDK.eb3092b067a756c137d1.js, line 1: WebGL context was lost.
JavaScript warning: https://frontend.tikicdn.com/_desktop-next/_next/static/chunks/comp.InitialSDK.eb3092b067a756c137d1.js, line 1: WebGL context was lost.
JavaScript error: https://www.googletagmanager.com/gtm.js?id=GTM-KR9FQH, line 3468: uncaught exception: [object Object]
JavaScript error: https://www.googletagmanager.com/gtm.js?id=GTM-KR9FQH, line 3468: uncaught exception: [object Object]
JavaScript warning: https://frontend.tikicdn.com/_desktop-next/_next/static/chunks/comp.InitialSDK.eb3092b067a756c137d1.js, line 1: WebGL context was lost.
JavaScript warning: https://frontend.tikicdn.com/_desktop-next/_next/static/chunks/comp.InitialSDK.eb3092b067a756c137d1.js, line 1: WebGL context was lost.
JavaScript warning: https://frontend.tikicdn.com/_desktop-next/_next/static/chunks/comp.InitialSDK.eb3092b067a756c137d1.js, line 1: WebGL context was lost.
JavaScript warning: https://frontend.tikicdn.com/_desktop-next/_next/static/chunks/comp.InitialSDK.eb3092b067a756c137d1.js, line 1: WebGL context was lost.
JavaScript error: https://www.googletagmanager.com/gtm.js?id=GTM-KR9FQH, line 3468: uncaught exception: [object Object]
JavaScript error: https://www.googletagmanager.com/gtm.js?id=GTM-KR9FQH, line 3468: uncaught exception: [object Object]
JavaScript warning: https://frontend.tikicdn.com/_desktop-next/_next/static/chunks/comp.InitialSDK.eb3092b067a756c137d1.js, line 1: WebGL context was lost.
JavaScript warning: https://frontend.tikicdn.com/_desktop-next/_next/static/chunks/comp.InitialSDK.eb3092b067a756c137d1.js, line 1: WebGL context was lost.
JavaScript warning: https://frontend.tikicdn.com/_desktop-next/_next/static/chunks/comp.InitialSDK.eb3092b067a756c137d1.js, line 1: WebGL context was lost.
JavaScript warning: https://frontend.tikicdn.com/_desktop-next/_next/static/chunks/comp.InitialSDK.eb3092b067a756c137d1.js, line 1: WebGL context was lost.
JavaScript warning: https://frontend.tikicdn.com/_desktop-next/_next/static/chunks/comp.InitialSDK.eb3092b067a756c137d1.js, line 1: WebGL context was lost.
JavaScript warning: https://frontend.tikicdn.com/_desktop-next/_next/static/chunks/comp.InitialSDK.eb3092b067a756c137d1.js, line 1: WebGL context was lost.
JavaScript warning: https://frontend.tikicdn.com/_desktop-next/_next/static/chunks/comp.InitialSDK.eb3092b067a756c137d1.js, line 1: WebGL context was lost.
JavaScript warning: https://frontend.tikicdn.com/_desktop-next/_next/static/chunks/comp.InitialSDK.eb3092b067a756c137d1.js, line 1: WebGL context was lost.
JavaScript error: https://www.googletagmanager.com/gtm.js?id=GTM-KR9FQH, line 3468: uncaught exception: [object Object]
JavaScript error: https://www.googletagmanager.com/gtm.js?id=GTM-KR9FQH, line 3468: uncaught exception: [object Object]
JavaScript warning: https://frontend.tikicdn.com/_desktop-next/_next/static/chunks/comp.InitialSDK.eb3092b067a756c137d1.js, line 1: WebGL context was lost.
JavaScript warning: https://frontend.tikicdn.com/_desktop-next/_next/static/chunks/comp.InitialSDK.eb3092b067a756c137d1.js, line 1: WebGL context was lost.
JavaScript warning: https://frontend.tikicdn.com/_desktop-next/_next/static/chunks/comp.InitialSDK.eb3092b067a756c137d1.js, line 1: WebGL context was lost.
JavaScript warning: https://frontend.tikicdn.com/_desktop-next/_next/static/chunks/comp.InitialSDK.eb3092b067a756c137d1.js, line 1: WebGL context was lost.
JavaScript warning: https://frontend.tikicdn.com/_desktop-next/_next/static/chunks/comp.InitialSDK.eb3092b067a756c137d1.js, line 1: WebGL context was lost.
JavaScript warning: https://frontend.tikicdn.com/_desktop-next/_next/static/chunks/comp.InitialSDK.eb3092b067a756c137d1.js, line 1: WebGL context was lost.
JavaScript warning: https://frontend.tikicdn.com/_desktop-next/_next/static/chunks/comp.InitialSDK.eb3092b067a756c137d1.js, line 1: WebGL context was lost.
JavaScript warning: https://frontend.tikicdn.com/_desktop-next/_next/static/chunks/comp.InitialSDK.eb3092b067a756c137d1.js, line 1: WebGL context was lost.
1620632283333	Marionette	INFO	Stopped listening on port 40719
